2020-10-11 12:40:07,211 (INFO):Started camera capturing
2020-10-11 12:40:56,206 (INFO) Started camera capturing
2020-10-11 13:14:43,344 - simple_logger - INFO - Started camera_capturer
2020-10-11 13:14:44,472 - simple_logger - INFO - Initialized camera capturing
2020-10-11 13:14:45,477 - simple_logger - INFO - End camera-capturer
2020-10-11 13:15:10,361 - simple_logger - INFO - Started camera_capturer
2020-10-11 13:15:11,483 - simple_logger - INFO - Initialized camera capturing
2020-10-11 13:15:12,488 - simple_logger - INFO - False
2020-10-11 13:15:12,488 - simple_logger - INFO - End camera-capturer
2020-10-11 13:16:54,051 - simple_logger - INFO - Started camera_capturer
2020-10-11 13:16:55,346 - simple_logger - INFO - Initialized camera capturing
2020-10-11 13:16:56,347 - simple_logger - INFO - False
2020-10-11 13:16:56,347 - simple_logger - INFO - End camera-capturer
2020-10-11 13:17:00,893 - simple_logger - INFO - Started camera_capturer
2020-10-11 13:17:02,036 - simple_logger - INFO - Initialized camera capturing
2020-10-11 13:17:02,831 - simple_logger - INFO - True
2020-10-11 13:17:02,831 - simple_logger - INFO - frame captured
2020-10-11 13:18:57,904 - simple_logger - INFO - Started camera_capturer
2020-10-11 13:18:59,106 - simple_logger - INFO - Initialized camera capturing
2020-10-11 13:18:59,917 - simple_logger - INFO - True
2020-10-11 13:18:59,917 - simple_logger - INFO - frame captured
2020-10-11 13:22:31,537 - simple_logger - INFO - Started camera_capturer
2020-10-11 13:22:31,791 - simple_logger - INFO - Initialized camera capturing
2020-10-11 13:22:32,820 - simple_logger - DEBUG - Image captured
2020-10-11 13:23:40,911 - simple_logger - INFO - Started camera_capturer
2020-10-11 13:23:42,090 - simple_logger - INFO - Initialized camera capturing
2020-10-11 13:23:43,891 - simple_logger - DEBUG - Image captured
2020-10-11 13:23:44,949 - simple_logger - DEBUG - Image captured
2020-10-11 13:23:45,983 - simple_logger - DEBUG - Image captured
2020-10-11 13:23:47,013 - simple_logger - DEBUG - Image captured
2020-10-11 13:23:48,041 - simple_logger - DEBUG - Image captured
2020-10-11 13:23:49,083 - simple_logger - DEBUG - Image captured
2020-10-11 13:23:50,113 - simple_logger - DEBUG - Image captured
2020-10-11 13:23:51,156 - simple_logger - DEBUG - Image captured
2020-10-11 13:23:52,213 - simple_logger - DEBUG - Image captured
2020-10-11 13:23:53,249 - simple_logger - DEBUG - Image captured
2020-10-11 13:24:05,390 - simple_logger - INFO - Started camera_capturer
2020-10-11 13:24:06,544 - simple_logger - INFO - Initialized camera capturing
2020-10-11 13:24:08,384 - simple_logger - DEBUG - Image captured
2020-10-11 13:24:09,439 - simple_logger - DEBUG - Image captured
2020-10-11 13:24:10,476 - simple_logger - DEBUG - Image captured
2020-10-11 13:24:11,506 - simple_logger - DEBUG - Image captured
2020-10-11 13:24:12,537 - simple_logger - DEBUG - Image captured
2020-10-11 13:24:13,567 - simple_logger - DEBUG - Image captured
2020-10-11 13:24:14,604 - simple_logger - DEBUG - Image captured
2020-10-11 13:24:15,641 - simple_logger - DEBUG - Image captured
2020-10-11 13:24:16,671 - simple_logger - DEBUG - Image captured
2020-10-11 13:24:17,756 - simple_logger - DEBUG - Image captured
2020-10-11 13:24:18,789 - simple_logger - DEBUG - Image captured
2020-10-11 13:24:19,842 - simple_logger - DEBUG - Image captured
2020-10-11 13:24:20,875 - simple_logger - DEBUG - Image captured
2020-10-11 13:24:21,905 - simple_logger - DEBUG - Image captured
2020-10-11 13:24:22,943 - simple_logger - DEBUG - Image captured
2020-10-11 13:24:23,978 - simple_logger - DEBUG - Image captured
2020-10-11 13:24:25,011 - simple_logger - DEBUG - Image captured
2020-10-11 13:24:26,043 - simple_logger - DEBUG - Image captured
2020-10-11 13:24:27,069 - simple_logger - DEBUG - Image captured
2020-10-11 13:24:28,110 - simple_logger - DEBUG - Image captured
2020-10-11 13:24:29,150 - simple_logger - DEBUG - Image captured
2020-10-11 13:24:30,196 - simple_logger - DEBUG - Image captured
2020-10-11 13:24:31,254 - simple_logger - DEBUG - Image captured
2020-10-11 13:24:32,315 - simple_logger - DEBUG - Image captured
2020-10-11 13:24:33,350 - simple_logger - DEBUG - Image captured
2020-10-11 13:24:34,383 - simple_logger - DEBUG - Image captured
2020-10-11 13:24:35,412 - simple_logger - DEBUG - Image captured
2020-10-11 13:24:36,450 - simple_logger - DEBUG - Image captured
2020-10-11 13:24:37,483 - simple_logger - DEBUG - Image captured
2020-10-11 13:24:38,519 - simple_logger - DEBUG - Image captured
2020-10-11 13:24:39,547 - simple_logger - DEBUG - Image captured
2020-10-11 13:24:40,593 - simple_logger - DEBUG - Image captured
2020-10-11 13:24:41,650 - simple_logger - DEBUG - Image captured
2020-10-11 13:24:42,688 - simple_logger - DEBUG - Image captured
2020-10-11 13:24:43,755 - simple_logger - DEBUG - Image captured
2020-10-11 13:24:44,783 - simple_logger - DEBUG - Image captured
2020-10-11 13:24:45,819 - simple_logger - DEBUG - Image captured
2020-10-11 13:24:46,860 - simple_logger - DEBUG - Image captured
2020-10-11 13:24:47,894 - simple_logger - DEBUG - Image captured
2020-10-11 13:24:48,922 - simple_logger - DEBUG - Image captured
2020-10-11 13:24:49,960 - simple_logger - DEBUG - Image captured
2020-10-11 13:24:50,994 - simple_logger - DEBUG - Image captured
2020-10-11 13:24:52,025 - simple_logger - DEBUG - Image captured
2020-10-11 13:24:53,094 - simple_logger - DEBUG - Image captured
2020-10-11 13:38:59,583 - simple_logger - INFO - Started camera_capturer
2020-10-11 13:39:01,076 - simple_logger - INFO - Initialized camera capturing
2020-10-11 13:39:03,084 - simple_logger - ERROR - No image captured
2020-10-11 13:39:03,084 - simple_logger - INFO - End camera-capturer
2020-10-11 13:39:08,673 - simple_logger - INFO - Started camera_capturer
2020-10-11 13:39:09,906 - simple_logger - INFO - Initialized camera capturing
2020-10-11 13:39:11,739 - simple_logger - DEBUG - Image captured
2020-10-11 13:41:36,197 - simple_logger - INFO - Started camera_capturer
2020-10-11 13:41:37,582 - simple_logger - INFO - Initialized camera capturing
2020-10-11 13:41:39,513 - simple_logger - DEBUG - Image captured
2020-10-11 13:41:39,514 - simple_logger - INFO - 2020/10/11/13/4139
2020-10-11 13:41:40,562 - simple_logger - DEBUG - Image captured
2020-10-11 13:41:40,562 - simple_logger - INFO - 2020/10/11/13/4140
2020-10-11 13:41:41,603 - simple_logger - DEBUG - Image captured
2020-10-11 13:41:41,603 - simple_logger - INFO - 2020/10/11/13/4141
2020-10-11 13:41:42,639 - simple_logger - DEBUG - Image captured
2020-10-11 13:41:42,639 - simple_logger - INFO - 2020/10/11/13/4142
2020-10-11 13:41:43,683 - simple_logger - DEBUG - Image captured
2020-10-11 13:41:43,683 - simple_logger - INFO - 2020/10/11/13/4143
2020-10-11 13:41:44,745 - simple_logger - DEBUG - Image captured
2020-10-11 13:41:44,745 - simple_logger - INFO - 2020/10/11/13/4144
2020-10-11 13:41:45,788 - simple_logger - DEBUG - Image captured
2020-10-11 13:41:45,788 - simple_logger - INFO - 2020/10/11/13/4145
2020-10-11 13:41:46,846 - simple_logger - DEBUG - Image captured
2020-10-11 13:41:46,847 - simple_logger - INFO - 2020/10/11/13/4146
2020-10-11 13:41:47,908 - simple_logger - DEBUG - Image captured
2020-10-11 13:41:47,908 - simple_logger - INFO - 2020/10/11/13/4147
2020-10-11 13:41:48,959 - simple_logger - DEBUG - Image captured
2020-10-11 13:41:48,960 - simple_logger - INFO - 2020/10/11/13/4148
2020-10-11 13:41:50,022 - simple_logger - DEBUG - Image captured
2020-10-11 13:41:50,023 - simple_logger - INFO - 2020/10/11/13/4150
2020-10-11 13:41:51,073 - simple_logger - DEBUG - Image captured
2020-10-11 13:41:51,074 - simple_logger - INFO - 2020/10/11/13/4151
2020-10-11 13:41:52,138 - simple_logger - DEBUG - Image captured
2020-10-11 13:41:52,138 - simple_logger - INFO - 2020/10/11/13/4152
2020-10-11 13:43:14,519 - simple_logger - INFO - Started camera_capturer
2020-10-11 13:43:15,716 - simple_logger - INFO - Initialized camera capturing
2020-10-11 13:43:17,541 - simple_logger - DEBUG - Image captured
2020-10-11 13:43:17,542 - simple_logger - INFO - 2020/10/11/13/43/1602416597.542165
2020-10-11 13:43:18,581 - simple_logger - DEBUG - Image captured
2020-10-11 13:43:18,583 - simple_logger - INFO - 2020/10/11/13/43/1602416598.583144
2020-10-11 13:43:19,625 - simple_logger - DEBUG - Image captured
2020-10-11 13:43:19,626 - simple_logger - INFO - 2020/10/11/13/43/1602416599.62597
2020-10-11 13:43:20,668 - simple_logger - DEBUG - Image captured
2020-10-11 13:43:20,668 - simple_logger - INFO - 2020/10/11/13/43/1602416600.668662
2020-10-11 13:43:21,721 - simple_logger - DEBUG - Image captured
2020-10-11 13:43:21,721 - simple_logger - INFO - 2020/10/11/13/43/1602416601.721237
2020-10-11 13:43:58,707 - simple_logger - INFO - Started camera_capturer
2020-10-11 13:44:00,085 - simple_logger - INFO - Initialized camera capturing
2020-10-11 13:44:01,890 - simple_logger - DEBUG - Image captured
2020-10-11 13:45:12,353 - simple_logger - INFO - Started camera_capturer
2020-10-11 13:45:13,685 - simple_logger - INFO - Initialized camera capturing
2020-10-11 13:45:15,503 - simple_logger - DEBUG - Image captured
2020-10-11 13:45:15,503 - simple_logger - INFO - 2020/10/11/13/45/1602416715
2020-10-11 13:45:16,566 - simple_logger - DEBUG - Image captured
2020-10-11 13:45:16,566 - simple_logger - INFO - 2020/10/11/13/45/1602416716
2020-10-11 13:45:17,613 - simple_logger - DEBUG - Image captured
2020-10-11 13:45:17,614 - simple_logger - INFO - 2020/10/11/13/45/1602416717
2020-10-11 13:45:18,696 - simple_logger - DEBUG - Image captured
2020-10-11 13:45:18,696 - simple_logger - INFO - 2020/10/11/13/45/1602416718
2020-10-11 13:45:19,745 - simple_logger - DEBUG - Image captured
2020-10-11 13:45:19,745 - simple_logger - INFO - 2020/10/11/13/45/1602416719
2020-10-11 13:48:29,862 - simple_logger - INFO - Started camera_capturer
2020-10-11 13:48:31,063 - simple_logger - INFO - Initialized camera capturing
2020-10-11 13:48:32,906 - simple_logger - DEBUG - Image captured
2020-10-11 13:48:32,908 - simple_logger - INFO - 2020/10/11/13/48/1602416912.jpg
2020-10-11 13:48:33,927 - simple_logger - DEBUG - Image captured
2020-10-11 13:48:33,927 - simple_logger - INFO - 2020/10/11/13/48/1602416913.jpg
2020-10-11 13:48:34,953 - simple_logger - DEBUG - Image captured
2020-10-11 13:48:34,954 - simple_logger - INFO - 2020/10/11/13/48/1602416914.jpg
2020-10-11 13:48:36,002 - simple_logger - DEBUG - Image captured
2020-10-11 13:48:36,003 - simple_logger - INFO - 2020/10/11/13/48/1602416916.jpg
2020-10-11 13:48:37,033 - simple_logger - DEBUG - Image captured
2020-10-11 13:48:37,033 - simple_logger - INFO - 2020/10/11/13/48/1602416917.jpg
2020-10-11 13:48:38,055 - simple_logger - DEBUG - Image captured
2020-10-11 13:48:38,056 - simple_logger - INFO - 2020/10/11/13/48/1602416918.jpg
2020-10-11 13:48:39,101 - simple_logger - DEBUG - Image captured
2020-10-11 13:48:39,101 - simple_logger - INFO - 2020/10/11/13/48/1602416919.jpg
2020-10-11 13:48:40,119 - simple_logger - DEBUG - Image captured
2020-10-11 13:48:40,119 - simple_logger - INFO - 2020/10/11/13/48/1602416920.jpg
2020-10-11 13:48:41,126 - simple_logger - DEBUG - Image captured
2020-10-11 13:48:41,126 - simple_logger - INFO - 2020/10/11/13/48/1602416921.jpg
2020-10-11 13:48:42,153 - simple_logger - DEBUG - Image captured
2020-10-11 13:48:42,154 - simple_logger - INFO - 2020/10/11/13/48/1602416922.jpg
2020-10-11 13:48:43,207 - simple_logger - DEBUG - Image captured
2020-10-11 13:48:43,207 - simple_logger - INFO - 2020/10/11/13/48/1602416923.jpg
2020-10-11 13:48:44,229 - simple_logger - DEBUG - Image captured
2020-10-11 13:48:44,229 - simple_logger - INFO - 2020/10/11/13/48/1602416924.jpg
2020-10-11 13:48:45,264 - simple_logger - DEBUG - Image captured
2020-10-11 13:48:45,264 - simple_logger - INFO - 2020/10/11/13/48/1602416925.jpg
2020-10-11 13:48:46,289 - simple_logger - DEBUG - Image captured
2020-10-11 13:48:46,289 - simple_logger - INFO - 2020/10/11/13/48/1602416926.jpg
2020-10-11 13:48:47,294 - simple_logger - DEBUG - Image captured
2020-10-11 13:48:47,294 - simple_logger - INFO - 2020/10/11/13/48/1602416927.jpg
2020-10-11 13:48:48,323 - simple_logger - DEBUG - Image captured
2020-10-11 13:48:48,323 - simple_logger - INFO - 2020/10/11/13/48/1602416928.jpg
2020-10-11 13:48:49,326 - simple_logger - DEBUG - Image captured
2020-10-11 13:48:49,326 - simple_logger - INFO - 2020/10/11/13/48/1602416929.jpg
2020-10-11 13:48:50,362 - simple_logger - DEBUG - Image captured
2020-10-11 13:48:50,362 - simple_logger - INFO - 2020/10/11/13/48/1602416930.jpg
2020-10-11 13:48:51,401 - simple_logger - DEBUG - Image captured
2020-10-11 13:48:51,401 - simple_logger - INFO - 2020/10/11/13/48/1602416931.jpg
2020-10-11 13:48:52,421 - simple_logger - DEBUG - Image captured
2020-10-11 13:48:52,422 - simple_logger - INFO - 2020/10/11/13/48/1602416932.jpg
2020-10-11 13:48:53,477 - simple_logger - DEBUG - Image captured
2020-10-11 13:48:53,478 - simple_logger - INFO - 2020/10/11/13/48/1602416933.jpg
2020-10-11 13:48:54,492 - simple_logger - DEBUG - Image captured
2020-10-11 13:48:54,492 - simple_logger - INFO - 2020/10/11/13/48/1602416934.jpg
2020-10-11 13:48:55,528 - simple_logger - DEBUG - Image captured
2020-10-11 13:48:55,528 - simple_logger - INFO - 2020/10/11/13/48/1602416935.jpg
2020-10-11 13:48:56,559 - simple_logger - DEBUG - Image captured
2020-10-11 13:48:56,559 - simple_logger - INFO - 2020/10/11/13/48/1602416936.jpg
2020-10-11 13:48:57,597 - simple_logger - DEBUG - Image captured
2020-10-11 13:48:57,597 - simple_logger - INFO - 2020/10/11/13/48/1602416937.jpg
2020-10-11 13:48:58,626 - simple_logger - DEBUG - Image captured
2020-10-11 13:48:58,626 - simple_logger - INFO - 2020/10/11/13/48/1602416938.jpg
2020-10-11 13:48:59,674 - simple_logger - DEBUG - Image captured
2020-10-11 13:48:59,674 - simple_logger - INFO - 2020/10/11/13/48/1602416939.jpg
2020-10-11 13:49:00,699 - simple_logger - DEBUG - Image captured
2020-10-11 13:49:00,699 - simple_logger - INFO - 2020/10/11/13/49/1602416940.jpg
2020-10-11 13:49:01,733 - simple_logger - DEBUG - Image captured
2020-10-11 13:49:01,734 - simple_logger - INFO - 2020/10/11/13/49/1602416941.jpg
2020-10-11 13:49:02,759 - simple_logger - DEBUG - Image captured
2020-10-11 13:49:02,760 - simple_logger - INFO - 2020/10/11/13/49/1602416942.jpg
2020-10-11 13:49:03,799 - simple_logger - DEBUG - Image captured
2020-10-11 13:49:03,799 - simple_logger - INFO - 2020/10/11/13/49/1602416943.jpg
2020-10-11 13:49:37,790 - simple_logger - INFO - Started camera_capturer
2020-10-11 13:49:39,013 - simple_logger - INFO - Initialized camera capturing
2020-10-11 13:49:40,833 - simple_logger - DEBUG - Image captured
2020-10-11 13:49:40,836 - simple_logger - INFO - images/2020/10/11/13/49/1602416980.jpg
2020-10-11 13:49:41,930 - simple_logger - DEBUG - Image captured
2020-10-11 13:49:41,930 - simple_logger - INFO - images/2020/10/11/13/49/1602416981.jpg
2020-10-11 13:49:42,981 - simple_logger - DEBUG - Image captured
2020-10-11 13:49:42,981 - simple_logger - INFO - images/2020/10/11/13/49/1602416982.jpg
2020-10-11 13:49:44,043 - simple_logger - DEBUG - Image captured
2020-10-11 13:49:44,044 - simple_logger - INFO - images/2020/10/11/13/49/1602416984.jpg
2020-10-11 13:49:45,076 - simple_logger - DEBUG - Image captured
2020-10-11 13:49:45,076 - simple_logger - INFO - images/2020/10/11/13/49/1602416985.jpg
2020-10-11 13:49:46,150 - simple_logger - DEBUG - Image captured
2020-10-11 13:49:46,150 - simple_logger - INFO - images/2020/10/11/13/49/1602416986.jpg
2020-10-11 13:49:47,208 - simple_logger - DEBUG - Image captured
2020-10-11 13:49:47,209 - simple_logger - INFO - images/2020/10/11/13/49/1602416987.jpg
2020-10-11 13:49:48,249 - simple_logger - DEBUG - Image captured
2020-10-11 13:49:48,250 - simple_logger - INFO - images/2020/10/11/13/49/1602416988.jpg
2020-10-11 13:49:49,320 - simple_logger - DEBUG - Image captured
2020-10-11 13:49:49,320 - simple_logger - INFO - images/2020/10/11/13/49/1602416989.jpg
2020-10-11 13:49:50,382 - simple_logger - DEBUG - Image captured
2020-10-11 13:49:50,383 - simple_logger - INFO - images/2020/10/11/13/49/1602416990.jpg
2020-10-11 13:49:51,447 - simple_logger - DEBUG - Image captured
2020-10-11 13:49:51,447 - simple_logger - INFO - images/2020/10/11/13/49/1602416991.jpg
2020-10-11 13:49:52,505 - simple_logger - DEBUG - Image captured
2020-10-11 13:49:52,510 - simple_logger - INFO - images/2020/10/11/13/49/1602416992.jpg
2020-10-11 13:49:53,557 - simple_logger - DEBUG - Image captured
2020-10-11 13:49:53,558 - simple_logger - INFO - images/2020/10/11/13/49/1602416993.jpg
2020-10-11 13:49:54,626 - simple_logger - DEBUG - Image captured
2020-10-11 13:49:54,626 - simple_logger - INFO - images/2020/10/11/13/49/1602416994.jpg
2020-10-11 13:49:55,666 - simple_logger - DEBUG - Image captured
2020-10-11 13:49:55,666 - simple_logger - INFO - images/2020/10/11/13/49/1602416995.jpg
2020-10-11 13:49:56,822 - simple_logger - DEBUG - Image captured
2020-10-11 13:49:56,822 - simple_logger - INFO - images/2020/10/11/13/49/1602416996.jpg
2020-10-11 13:49:57,878 - simple_logger - DEBUG - Image captured
2020-10-11 13:49:57,879 - simple_logger - INFO - images/2020/10/11/13/49/1602416997.jpg
2020-10-11 13:49:58,938 - simple_logger - DEBUG - Image captured
2020-10-11 13:49:58,939 - simple_logger - INFO - images/2020/10/11/13/49/1602416998.jpg
2020-10-11 13:50:00,018 - simple_logger - DEBUG - Image captured
2020-10-11 13:50:00,018 - simple_logger - INFO - images/2020/10/11/13/50/1602417000.jpg
2020-10-11 13:50:01,107 - simple_logger - DEBUG - Image captured
2020-10-11 13:50:01,107 - simple_logger - INFO - images/2020/10/11/13/50/1602417001.jpg
2020-10-11 13:50:02,173 - simple_logger - DEBUG - Image captured
2020-10-11 13:50:02,174 - simple_logger - INFO - images/2020/10/11/13/50/1602417002.jpg
2020-10-11 13:50:03,234 - simple_logger - DEBUG - Image captured
2020-10-11 13:50:03,235 - simple_logger - INFO - images/2020/10/11/13/50/1602417003.jpg
2020-10-11 13:50:04,291 - simple_logger - DEBUG - Image captured
2020-10-11 13:50:04,291 - simple_logger - INFO - images/2020/10/11/13/50/1602417004.jpg
2020-10-11 13:51:03,699 - simple_logger - INFO - Started camera_capturer
2020-10-11 13:51:06,947 - simple_logger - INFO - Started camera_capturer
2020-10-11 13:51:08,173 - simple_logger - INFO - Initialized camera capturing
2020-10-11 13:51:09,988 - simple_logger - DEBUG - Image captured
2020-10-11 13:51:09,989 - simple_logger - INFO - images/2020/10/11/13/51/1602417069.jpg
